882
5272 0
5272 4950
5272 4950
5272 4950
5272 4950
5272 4955
5222 4955
5222 4907
5277 4907
5277 4966
5221 4966
5221 4900
5289 4900
5289 4998
5309 4998
5309 4895
5214 4895
5214 5022
5163 5022
5163 4880
5311 4880
5311 5064
5323 5064
5323 4877
5145 4877
5145 5085
5347 5085
5347 4851
5128 4851
5128 5135
5103 5135
5103 4829
5351 4829
5351 5153
5041 5153
5041 4817
5385 4817
5385 5166
5431 5166
5431 4808
5037 4808
5037 5176
5468 5176
5468 4795
5014 4795
5014 5193
4997 5193
4997 4781
5522 4781
5522 5204
5543 5204
5543 4738
4900 4738
4900 5246
5560 5246
5560 4718
4884 4718
4884 5252
5603 5252
5603 4709
4857 4709
4857 5258
4688 5258
4688 4680
5617 4680
5617 5265
4669 5265
4669 4661
5620 4661
5620 5274
5631 5274
5631 4650
4659 4650
4659 5296
4658 5296
4658 4606
5640 4606
5640 5302
5643 5302
5643 4601
4634 4601
4634 5348
5719 5348
5719 4595
4626 4595
4626 5394
5745 5394
5745 4553
4600 4553
4600 5432
4598 5432
4598 4545
5777 4545
5777 5434
4588 5434
4588 4524
5786 4524
5786 5523
5797 5523
5797 4516
4580 4516
4580 5563
5819 5563
5819 4497
4569 4497
4569 5565
4508 5565
4508 4483
5827 4483
5827 5591
4482 5591
4482 4449
5829 4449
5829 5635
4433 5635
4433 4426
5834 4426
5834 5654
4420 5654
4420 4382
5870 4382
5870 5723
4411 5723
4411 4378
5908 4378
5908 5725
5934 5725
5934 4366
4385 4366
4385 5738
4331 5738
4331 4334
5945 4334
5945 5765
5963 5765
5963 4306
4330 4306
4330 5788
5993 5788
5993 4277
4324 4277
4324 5804
6012 5804
6012 4239
4294 4239
4294 5830
6039 5830
6039 4233
4287 4233
4287 5837
4271 5837
4271 4213
6049 4213
6049 5848
4194 5848
4194 4190
6063 4190
6063 5934
4157 5934
4157 4182
6065 4182
6065 5983
4150 5983
4150 4181
6109 4181
6109 6028
6129 6028
6129 4172
4146 4172
4146 6058
4133 6058
4133 4154
6157 4154
6157 6088
4126 6088
4126 4149
6193 4149
6193 6124
6202 6124
6202 4145
4120 4145
4120 6148
6229 6148
6229 4120
4063 4120
4063 6186
6243 6186
6243 4111
4050 4111
4050 6221
6252 6221
6252 4104
4030 4104
4030 6229
4007 6229
4007 4098
6256 4098
6256 6250
6289 6250
6289 4001
3985 4001
3985 6262
3950 6262
3950 3973
6321 3973
6321 6264
6328 6264
6328 3964
3948 3964
3948 6271
6339 6271
6339 3956
3922 3956
3922 6309
6385 6309
6385 3927
3919 3927
3919 6340
6439 6340
6439 3921
3916 3921
3916 6358
6442 6358
6442 3891
3882 3891
3882 6415
6452 6415
6452 3886
3867 3886
3867 6428
6495 6428
6495 3841
3843 3841
3843 6443
6534 6443
6534 3819
3811 3819
3811 6453
6542 6453
6542 3799
3770 3799
3770 6457
3758 6457
3758 3736
6546 3736
6546 6467
3754 6467
3754 3731
6572 3731
6572 6472
3743 6472
3743 3728
6619 3728
6619 6512
6627 6512
6627 3715
3736 3715
3736 6523
3699 6523
3699 3702
6658 3702
6658 6558
3659 6558
3659 3687
6704 3687
6704 6567
3640 6567
3640 3656
6779 3656
6779 6572
6798 6572
6798 3646
3620 3646
3620 6603
6819 6603
6819 3631
3606 3631
3606 6630
3587 6630
3587 3612
6823 3612
6823 6656
3571 6656
3571 3550
6845 3550
6845 6677
6854 6677
6854 3546
3528 3546
3528 6696
3515 6696
3515 3514
6879 3514
6879 6749
3483 6749
3483 3492
6911 3492
6911 6793
6944 6793
6944 3475
3459 3475
3459 6817
3388 6817
3388 3472
6948 3472
6948 6820
3357 6820
3357 3462
6951 3462
6951 6823
6975 6823
6975 3454
3352 3454
3352 6839
6986 6839
6986 3430
3317 3430
3317 6840
3282 6840
3282 3426
7018 3426
7018 6847
3221 6847
3221 3390
7036 3390
7036 6852
3211 6852
3211 3302
7068 3302
7068 6877
3173 6877
3173 3284
7089 3284
7089 6970
7094 6970
7094 3258
3172 3258
3172 7008
7107 7008
7107 3225
3162 3225
3162 7015
7131 7015
7131 3216
3040 3216
3040 7019
3008 7019
3008 3204
7155 3204
7155 7020
7163 7020
7163 3185
2990 3185
2990 7032
7181 7032
7181 3160
2968 3160
2968 7043
2959 7043
2959 3153
7198 3153
7198 7101
2934 7101
2934 3112
7201 3112
7201 7129
7224 7129
7224 3052
2886 3052
2886 7196
7289 7196
7289 3048
2885 3048
2885 7200
7293 7200
7293 3040
2843 3040
2843 7206
2832 7206
2832 3009
7297 3009
7297 7235
7339 7235
7339 2994
2823 2994
2823 7258
7343 7258
7343 2904
2817 2904
2817 7265
2791 7265
2791 2898
7376 2898
7376 7301
2780 7301
2780 2882
7388 2882
7388 7327
7394 7327
7394 2873
2758 2873
2758 7368
2710 7368
2710 2869
7406 2869
7406 7370
7417 7370
7417 2821
2684 2821
2684 7395
7458 7395
7458 2762
2673 2762
2673 7403
7468 7403
7468 2754
2631 2754
2631 7469
2602 7469
2602 2721
7538 2721
7538 7493
7548 7493
7548 2716
2595 2716
2595 7509
2586 7509
2586 2654
7567 2654
7567 7512
7599 7512
7599 2638
2582 2638
2582 7536
7618 7536
7618 2594
2550 2594
2550 7544
7648 7544
7648 2570
2517 2570
2517 7547
2399 7547
2399 2510
7678 2510
7678 7647
2396 7647
2396 2505
7746 2505
7746 7669
7747 7669
7747 2503
2371 2503
2371 7676
2360 7676
2360 2497
7763 2497
7763 7678
2349 7678
2349 2484
7821 2484
7821 7729
7835 7729
7835 2418
2340 2418
2340 7756
7854 7756
7854 2393
2337 2393
2337 7757
2272 7757
2272 2367
7865 2367
7865 7819
7866 7819
7866 2364
2262 2364
2262 7828
2256 7828
2256 2355
7881 2355
7881 7848
2242 7848
2242 2341
7905 2341
7905 7876
2191 7876
2191 2325
7918 2325
7918 7930
2189 7930
2189 2316
7923 2316
7923 7932
2177 7932
2177 2303
7935 2303
7935 7940
2148 7940
2148 2285
7954 2285
7954 7953
2139 7953
2139 2211
8002 2211
8002 7980
8014 7980
8014 2200
2098 2200
2098 8001
8037 8001
8037 2129
2097 2129
2097 8002
2085 8002
2085 2112
8073 2112
8073 8019
8078 8019
8078 2111
2064 2111
2064 8035
8092 8035
8092 2077
2049 2077
2049 8075
1993 8075
1993 2048
8094 2048
8094 8099
1972 8099
1972 2033
8112 2033
8112 8102
1903 8102
1903 2029
8137 2029
8137 8107
8216 8107
8216 1987
1890 1987
1890 8123
8254 8123
8254 1911
1878 1911
1878 8162
8269 8162
8269 1832
1814 1832
1814 8177
1809 8177
1809 1825
8285 1825
8285 8181
1804 8181
1804 1822
8303 1822
8303 8194
8343 8194
8343 1818
1780 1818
1780 8242
8351 8242
8351 1764
1775 1764
1775 8257
1694 8257
1694 1729
8382 1729
8382 8308
8401 8308
8401 1725
1691 1725
1691 8309
1666 8309
1666 1712
8405 1712
8405 8313
8424 8313
8424 1705
1647 1705
1647 8328
1624 8328
1624 1672
8446 1672
8446 8364
1577 8364
1577 1661
8468 1661
8468 8374
1558 8374
1558 1653
8506 1653
8506 8430
8544 8430
8544 1596
1539 1596
1539 8449
8615 8449
8615 1580
1538 1580
1538 8479
8628 8479
8628 1563
1523 1563
1523 8505
8631 8505
8631 1552
1501 1552
1501 8509
1475 8509
1475 1530
8701 1530
8701 8518
1455 8518
1455 1511
8720 1511
8720 8527
1412 8527
1412 1414
8750 1414
8750 8551
1349 8551
1349 1391
8772 1391
8772 8571
8799 8571
8799 1367
1344 1367
1344 8631
8819 8631
8819 1345
1308 1345
1308 8670
8842 8670
8842 1344
1296 1344
1296 8673
1276 8673
1276 1253
8845 1253
8845 8687
1274 8687
1274 1252
8855 1252
8855 8696
1257 8696
1257 1221
8865 1221
8865 8704
1221 8704
1221 1152
8878 1152
8878 8715
1201 8715
1201 1126
8892 1126
8892 8731
8904 8731
8904 1097
1173 1097
1173 8736
8935 8736
8935 1071
1169 1071
1169 8763
1160 8763
1160 1058
8940 1058
8940 8787
8990 8787
8990 1044
1145 1044
1145 8887
1135 8887
1135 1006
9013 1006
9013 8925
9019 8925
9019 1001
1122 1001
1122 8952
9021 8952
9021 985
1116 985
1116 8995
1090 8995
1090 967
9056 967
9056 9012
1070 9012
1070 954
9059 954
9059 9019
9078 9019
9078 934
1037 934
1037 9048
962 9048
962 907
9106 907
9106 9058
9146 9058
9146 899
918 899
918 9080
915 9080
915 892
9166 892
9166 9137
9216 9137
9216 875
909 875
909 9149
883 9149
883 852
9240 852
9240 9157
9271 9157
9271 818
842 818
842 9163
830 9163
830 772
9334 772
9334 9235
798 9235
798 760
9341 760
9341 9251
9359 9251
9359 750
774 750
774 9293
9382 9293
9382 726
764 726
764 9332
697 9332
697 690
9387 690
9387 9343
650 9343
650 678
9396 678
9396 9368
647 9368
647 643
9435 643
9435 9379
606 9379
606 641
9452 641
9452 9394
595 9394
595 635
9468 635
9468 9412
9496 9412
9496 612
591 612
591 9419
587 9419
587 604
9498 604
9498 9441
570 9441
570 588
9503 588
9503 9454
9526 9454
9526 578
563 578
563 9468
9557 9468
9557 577
551 577
551 9486
548 9486
548 551
9559 551
9559 9487
9582 9487
9582 545
518 545
518 9500
483 9500
483 524
9587 524
9587 9590
447 9590
447 463
9612 463
9612 9611
420 9611
420 379
9635 379
9635 9617
9655 9617
9655 369
407 369
407 9630
406 9630
406 365
9702 365
9702 9657
394 9657
394 306
9762 306
9762 9658
9765 9658
9765 287
379 287
379 9666
375 9666
375 282
9790 282
9790 9707
363 9707
363 272
9811 272
9811 9727
351 9727
351 264
9826 264
9826 9732
9830 9732
9830 262
350 262
350 9738
344 9738
344 225
9833 225
9833 9758
313 9758
313 192
9845 192
9845 9767
241 9767
241 176
9859 176
9859 9786
190 9786
190 141
9877 141
9877 9793
9896 9793
9896 125
178 125
178 9810
9907 9810
9907 98
153 98
153 9849
137 9849
137 94
9915 94
9915 9922
9925 9922
9925 70
132 70
132 9929
128 9929
128 67
9950 67
9950 9944
63 9944
63 61
9956 61
9956 9948
9966 9948
9966 52
61 52
61 9965
22 9965
22 46
9979 46
9979 9977
10001 9977
10001 13
12 13
12 9970
