5005
12344 0
12344 11821
12536 11821
12536 12795
13554 12795
13554 14192
14323 14192
14323 11046
13041 11046
12585 11046
12585 11663
12146 11663
12146 13200
11409 13200
11409 13744
11409 0
11409 12470
12567 12470
12567 11589
12125 11589
12125 12613
12700 12613
12700 11462
12078 11462
12078 12672
12721 12672
12721 11442
12052 11442
12052 12707
12886 12707
12886 11348
11867 11348
11867 12834
13126 12834
13126 11025
11833 11025
11833 12914
13218 12914
13218 11013
11787 11013
11787 12952
13231 12952
13231 10894
11782 10894
11782 13078
13312 13078
13312 10806
11729 10806
11729 13085
13327 13085
13327 10782
11714 10782
11714 13176
13374 13176
13374 10743
11665 10743
11665 13275
13430 13275
13430 10687
11569 10687
11569 13352
13481 13352
13481 10670
11539 10670
11539 13506
13525 13506
13525 10663
11495 10663
11495 13618
13595 13618
13595 10636
11485 10636
11485 13638
13638 13638
13638 10552
11428 10552
11428 13695
13653 13695
13653 10539
11423 10539
11423 13748
13730 13748
13730 10465
11377 10465
11377 13753
13771 13753
13771 10374
11335 10374
11335 13823
13822 13823
13822 10345
11217 10345
11217 13835
13826 13835
13826 10240
11122 10240
11122 13840
13945 13840
13945 10200
11074 10200
11074 13860
14050 13860
14050 10189
10970 10189
10970 13919
14060 13919
14060 10184
10940 10184
10940 13973
14094 13973
14094 10168
10867 10168
10867 13994
14105 13994
14105 10158
10865 10158
10865 13996
14114 13996
14114 10129
10813 10129
10813 14029
14120 14029
14120 10127
10782 10127
10782 14033
14131 14033
14131 10102
10719 10102
10719 14055
14143 14055
14143 10089
10595 10089
10595 14089
10535 14089
10535 10063
14183 10063
14183 14091
10505 14091
10505 10048
14185 10048
14185 14093
10497 14093
10497 10041
14211 10041
14211 14116
10458 14116
10458 9973
14277 9973
14277 14151
10398 14151
10398 9957
14282 9957
14282 14168
10392 14168
10392 9926
14309 9926
14309 14214
10390 14214
10390 9904
14342 9904
14342 14238
10386 14238
10386 9867
14400 9867
14400 14276
10369 14276
10369 9851
14451 9851
14451 14356
10356 14356
10356 9850
14460 9850
14460 14362
10336 14362
10336 9841
14472 9841
14472 14407
10309 14407
10309 9829
14475 9829
14475 14442
10297 14442
10297 9801
14514 9801
14514 14525
10295 14525
10295 9799
14536 9799
14536 14584
10246 14584
10246 9797
14559 9797
14559 14617
10217 14617
10217 9791
14671 9791
14671 14676
10186 14676
10186 9775
14689 9775
14689 14682
10177 14682
10177 9756
14790 9756
14790 14714
10164 14714
10164 9738
14841 9738
14841 14784
10157 14784
10157 9703
14873 9703
14873 14815
10146 14815
10146 9692
14880 9692
14880 14825
10131 14825
10131 9687
14947 9687
14947 14832
10104 14832
10104 9646
14986 9646
14986 14837
10096 14837
10096 9631
14992 9631
14992 14852
10089 14852
10089 9614
15013 9614
15013 14866
10034 14866
10034 9606
15016 9606
15016 14885
10016 14885
10016 9578
15080 9578
15080 14896
9985 14896
9985 9563
15094 9563
15094 14948
9979 14948
9979 9550
15097 9550
15097 14953
9967 14953
9967 9506
15105 9506
15105 14954
9947 14954
9947 9497
15107 9497
15107 14959
9902 14959
9902 9493
15114 9493
15114 14975
9897 14975
9897 9435
15160 9435
15160 14992
9863 14992
9863 9433
15166 9433
15166 15006
9858 15006
9858 9417
15199 9417
15199 15011
9841 15011
9841 9402
15227 9402
15227 15029
9817 15029
9817 9383
15235 9383
15235 15069
9788 15069
9788 9371
15250 9371
15250 15086
9774 15086
9774 9358
15298 9358
15298 15125
9760 15125
9760 9332
15326 9332
15326 15136
9758 15136
9758 9282
15338 9282
15338 15163
9741 15163
9741 9280
15343 9280
15343 15165
9732 15165
9732 9279
15358 9279
15358 15200
9726 15200
9726 9250
15368 9250
15368 15259
9625 15259
9625 9237
15380 9237
15380 15351
9609 15351
9609 9173
15406 9173
15406 15397
9569 15397
9569 9167
15407 9167
15407 15467
9526 15467
9526 9134
15410 9134
15410 15474
9523 15474
9523 9094
15414 9094
15414 15482
9476 15482
9476 9067
15468 9067
15468 15515
9447 15515
9447 8913
15506 8913
15506 15525
9446 15525
9446 8900
15521 8900
15521 15532
9436 15532
9436 8894
15541 8894
15541 15542
9432 15542
9432 8874
15559 8874
15559 15573
9385 15573
9385 8868
15599 8868
15599 15600
9382 15600
9382 8847
15669 8847
15669 15614
9331 15614
9331 8842
15701 8842
15701 15619
9282 15619
9282 8821
15709 8821
15709 15621
9258 15621
9258 8796
15718 8796
15718 15629
9203 15629
9203 8793
15728 8793
15728 15637
9182 15637
9182 8765
15742 8765
15742 15649
9178 15649
9178 8753
15788 8753
15788 15657
9177 15657
9177 8748
15796 8748
15796 15680
9170 15680
9170 8725
15823 8725
15823 15725
9158 15725
9158 8643
15830 8643
15830 15728
9151 15728
9151 8637
15921 8637
15921 15731
9139 15731
9139 8629
15945 8629
15945 15761
9129 15761
9129 8625
15990 8625
15990 15782
9119 15782
9119 8623
16017 8623
16017 15799
9108 15799
9108 8621
16019 8621
16019 15803
9101 15803
9101 8617
16025 8617
16025 15833
9093 15833
9093 8576
16026 8576
16026 15877
9087 15877
9087 8569
16045 8569
16045 15926
9084 15926
9084 8543
16075 8543
16075 15931
9075 15931
9075 8540
16076 8540
16076 15936
9024 15936
9024 8516
16095 8516
16095 15989
9007 15989
9007 8511
16098 8511
16098 16013
8982 16013
8982 8495
16150 8495
16150 16026
8967 16026
8967 8478
16151 8478
16151 16072
8944 16072
8944 8471
16178 8471
16178 16074
8939 16074
8939 8448
16206 8448
16206 16084
8925 16084
8925 8434
16261 8434
16261 16096
8889 16096
8889 8407
16264 8407
16264 16107
8888 16107
8888 8402
16266 8402
16266 16117
8858 16117
8858 8400
16271 8400
16271 16118
8857 16118
8857 8394
16302 8394
16302 16146
8853 16146
8853 8374
16326 8374
16326 16178
8851 16178
8851 8351
16348 8351
16348 16225
8844 16225
8844 8346
16364 8346
16364 16260
8840 16260
8840 8344
16372 8344
16372 16293
8832 16293
8832 8333
16409 8333
16409 16306
8831 16306
8831 8282
16416 8282
16416 16311
8829 16311
8829 8235
16459 8235
16459 16331
8827 16331
8827 8227
16543 8227
16543 16360
8821 16360
8821 8213
16630 8213
16630 16371
8813 16371
8813 8193
16633 8193
16633 16373
8798 16373
8798 8183
16644 8183
16644 16385
8794 16385
8794 8138
16646 8138
16646 16392
8772 16392
8772 8137
16660 8137
16660 16414
8768 16414
8768 8126
16682 8126
16682 16425
8758 16425
8758 8123
16710 8123
16710 16454
8746 16454
8746 8086
16734 8086
16734 16473
8732 16473
8732 8083
16737 8083
16737 16474
8696 16474
8696 8081
16751 8081
16751 16477
8672 16477
8672 8078
16766 8078
16766 16496
8649 16496
8649 8055
16781 8055
16781 16505
8582 16505
8582 8044
16789 8044
16789 16508
8538 16508
8538 8038
16791 8038
16791 16510
8498 16510
8498 8037
16810 8037
16810 16515
8496 16515
8496 8021
16814 8021
16814 16523
8477 16523
8477 7978
16823 7978
16823 16538
8471 16538
8471 7932
16836 7932
16836 16542
8432 16542
8432 7927
16850 7927
16850 16551
8407 16551
8407 7906
16857 7906
16857 16591
8398 16591
8398 7881
16865 7881
16865 16610
8347 16610
8347 7780
16873 7780
16873 16616
8309 16616
8309 7774
16901 7774
16901 16649
8295 16649
8295 7762
16917 7762
16917 16650
8284 16650
8284 7755
16922 7755
16922 16669
8249 16669
8249 7734
16929 7734
16929 16675
8245 16675
8245 7727
16953 7727
16953 16684
8231 16684
8231 7726
16961 7726
16961 16692
8223 16692
8223 7693
16970 7693
16970 16727
8166 16727
8166 7685
17001 7685
17001 16730
8157 16730
8157 7674
17003 7674
17003 16732
8144 16732
8144 7660
17015 7660
17015 16757
8132 16757
8132 7659
17021 7659
17021 16769
8126 16769
8126 7639
17028 7639
17028 16800
8116 16800
8116 7636
17033 7636
17033 16801
8113 16801
8113 7621
17036 7621
17036 16805
8110 16805
8110 7614
17058 7614
17058 16813
8108 16813
8108 7601
17061 7601
17061 16837
8093 16837
8093 7595
17069 7595
17069 16838
8084 16838
8084 7588
17085 7588
17085 16851
8083 16851
8083 7585
17099 7585
17099 16916
8073 16916
8073 7565
17114 7565
17114 16940
8030 16940
8030 7559
17123 7559
17123 16949
8028 16949
8028 7553
17136 7553
17136 16957
8012 16957
8012 7530
17140 7530
17140 16982
7958 16982
7958 7471
17149 7471
17149 16995
7949 16995
7949 7464
17154 7464
17154 17030
7921 17030
7921 7404
17163 7404
17163 17036
7916 17036
7916 7382
17169 7382
17169 17045
7900 17045
7900 7336
17170 7336
17170 17055
7889 17055
7889 7334
17176 7334
17176 17065
7859 17065
7859 7326
17195 7326
17195 17067
7853 17067
7853 7311
17197 7311
17197 17073
7846 17073
7846 7302
17206 7302
17206 17125
7843 17125
7843 7296
17208 7296
17208 17140
7791 17140
7791 7294
17213 7294
17213 17153
7777 17153
7777 7288
17260 7288
17260 17161
7768 17161
7768 7280
17272 7280
17272 17164
7750 17164
7750 7257
17281 7257
17281 17165
7695 17165
7695 7219
17299 7219
17299 17166
7668 17166
7668 7213
17310 7213
17310 17185
7658 17185
7658 7208
17338 7208
17338 17187
7623 17187
7623 7200
17378 7200
17378 17202
7620 17202
7620 7184
17395 7184
17395 17209
7603 17209
7603 7177
17409 7177
17409 17222
7586 17222
7586 7138
17427 7138
17427 17231
7579 17231
7579 7136
17430 7136
17430 17237
7569 17237
7569 7128
17434 7128
17434 17256
7559 17256
7559 7122
17444 7122
17444 17276
7552 17276
7552 7120
17448 7120
17448 17288
7549 17288
7549 7115
17451 7115
17451 17304
7545 17304
7545 7105
17452 7105
17452 17310
7530 17310
7530 7086
17466 7086
17466 17331
7461 17331
7461 7083
17474 7083
17474 17363
7444 17363
7444 7076
17484 7076
17484 17366
7435 17366
7435 7074
17501 7074
17501 17369
7428 17369
7428 7050
17505 7050
17505 17387
7419 17387
7419 7041
17513 7041
17513 17413
7401 17413
7401 7038
17525 7038
17525 17415
7394 17415
7394 7036
17537 7036
17537 17437
7391 17437
7391 7033
17552 7033
17552 17446
7388 17446
7388 7026
17559 7026
17559 17448
7365 17448
7365 6991
17565 6991
17565 17464
7339 17464
7339 6983
17569 6983
17569 17465
7326 17465
7326 6977
17576 6977
17576 17473
7313 17473
7313 6948
17586 6948
17586 17489
7309 17489
7309 6934
17605 6934
17605 17494
7303 17494
7303 6911
17623 6911
17623 17496
7282 17496
7282 6894
17628 6894
17628 17515
7273 17515
7273 6891
17646 6891
17646 17519
7244 17519
7244 6868
17669 6868
17669 17522
7241 17522
7241 6857
17681 6857
17681 17567
7238 17567
7238 6848
17682 6848
17682 17577
7230 17577
7230 6843
17689 6843
17689 17581
7217 17581
7217 6807
17691 6807
17691 17608
7213 17608
7213 6805
17710 6805
17710 17610
7185 17610
7185 6795
17724 6795
17724 17622
7179 17622
7179 6792
17726 6792
17726 17624
7167 17624
7167 6785
17756 6785
17756 17631
7164 17631
7164 6763
17760 6763
17760 17633
7148 17633
7148 6755
17774 6755
17774 17637
7143 17637
7143 6753
17775 6753
17775 17639
7105 17639
7105 6746
17776 6746
17776 17655
7103 17655
7103 6739
17794 6739
17794 17668
7102 17668
7102 6730
17795 6730
17795 17672
7098 17672
7098 6714
17797 6714
17797 17673
7093 17673
7093 6711
17798 6711
17798 17684
7086 17684
7086 6687
17803 6687
17803 17693
7081 17693
7081 6686
17846 6686
17846 17694
7076 17694
7076 6664
17858 6664
17858 17695
7036 17695
7036 6648
17860 6648
17860 17696
7026 17696
7026 6638
17869 6638
17869 17704
6993 17704
6993 6582
17870 6582
17870 17721
6980 17721
6980 6578
17871 6578
17871 17742
6970 17742
6970 6576
17877 6576
17877 17775
6965 17775
6965 6575
17882 6575
17882 17776
6940 17776
6940 6571
17901 6571
17901 17800
6938 17800
6938 6570
17912 6570
17912 17808
6932 17808
6932 6550
17915 6550
17915 17814
6929 17814
6929 6541
17919 6541
17919 17820
6919 17820
6919 6525
17931 6525
17931 17829
6918 17829
6918 6514
17973 6514
17973 17837
6913 17837
6913 6496
17974 6496
17974 17848
6908 17848
6908 6493
17976 6493
17976 17852
6899 17852
6899 6473
18015 6473
18015 17855
6897 17855
6897 6472
18016 6472
18016 17871
6893 17871
6893 6470
18038 6470
18038 17875
6887 17875
6887 6467
18040 6467
18040 17881
6864 17881
6864 6441
18042 6441
18042 17888
6821 17888
6821 6437
18045 6437
18045 17893
6787 17893
6787 6426
18083 6426
18083 17910
6784 17910
6784 6418
18085 6418
18085 17916
6779 17916
6779 6409
18100 6409
18100 17929
6773 17929
6773 6406
18106 6406
18106 17939
6765 17939
6765 6389
18107 6389
18107 17970
6703 17970
6703 6382
18144 6382
18144 17973
6700 17973
6700 6360
18160 6360
18160 17983
6695 17983
6695 6359
18164 6359
18164 17998
6677 17998
6677 6343
18170 6343
18170 18002
6646 18002
6646 6339
18175 6339
18175 18023
6618 18023
6618 6335
18205 6335
18205 18030
6607 18030
6607 6314
18211 6314
18211 18083
6605 18083
6605 6309
18219 6309
18219 18094
6588 18094
6588 6307
18227 6307
18227 18099
6571 18099
6571 6304
18230 6304
18230 18126
6570 18126
6570 6303
18231 6303
18231 18130
6566 18130
6566 6284
18234 6284
18234 18150
6549 18150
6549 6271
18250 6271
18250 18158
6538 18158
6538 6261
18253 6261
18253 18165
6532 18165
6532 6254
18254 6254
18254 18174
6511 18174
6511 6252
18258 6252
18258 18193
6510 18193
6510 6243
18270 6243
18270 18200
6506 18200
6506 6241
18271 6241
18271 18215
6504 18215
6504 6239
18287 6239
18287 18217
6500 18217
6500 6237
18302 6237
18302 18220
6493 18220
6493 6220
18338 6220
18338 18233
6487 18233
6487 6213
18344 6213
18344 18249
6486 18249
6486 6206
18355 6206
18355 18264
6481 18264
6481 6205
18356 6205
18356 18276
6474 18276
6474 6185
18364 6185
18364 18313
6451 18313
6451 6184
18367 6184
18367 18353
6436 18353
6436 6180
18386 6180
18386 18354
6435 18354
6435 6145
18388 6145
18388 18361
6422 18361
6422 6124
18399 6124
18399 18372
6408 18372
6408 6113
18413 6113
18413 18390
6404 18390
6404 6106
18418 6106
18418 18406
6377 18406
6377 6101
18426 6101
18426 18412
6369 18412
6369 6092
18440 6092
18440 18416
6366 18416
6366 6076
18458 6076
18458 18434
6344 18434
6344 6069
18470 6069
18470 18441
6340 18441
6340 6066
18478 6066
18478 18442
6336 18442
6336 6054
18484 6054
18484 18452
6321 18452
6321 6048
18487 6048
18487 18464
6314 18464
6314 6035
18491 6035
18491 18478
6296 18478
6296 6026
18512 6026
18512 18479
6293 18479
6293 6025
18532 6025
18532 18494
6282 18494
6282 6016
18544 6016
18544 18532
6273 18532
6273 6002
18546 6002
18546 18539
6269 18539
6269 5993
18557 5993
18557 18561
6264 18561
6264 5992
18565 5992
18565 18567
6261 18567
6261 5980
18572 5980
18572 18576
6260 18576
6260 5957
18592 5957
18592 18579
6249 18579
6249 5955
18596 5955
18596 18591
6243 18591
6243 5908
18598 5908
18598 18592
6229 18592
6229 5890
18604 5890
18604 18606
6223 18606
6223 5888
18607 5888
18607 18608
6208 18608
6208 5885
18608 5885
18608 18611
6193 18611
6193 5882
18616 5882
18616 18612
6175 18612
6175 5873
18618 5873
18618 18623
6163 18623
6163 5866
18640 5866
18640 18627
6162 18627
6162 5863
18648 5863
18648 18629
6140 18629
6140 5848
18662 5848
18662 18631
6113 18631
6113 5833
18665 5833
18665 18633
6093 18633
6093 5813
18678 5813
18678 18654
6080 18654
6080 5809
18680 5809
18680 18656
6076 18656
6076 5806
18723 5806
18723 18676
6054 18676
6054 5804
18732 5804
18732 18684
6031 18684
6031 5801
18735 5801
18735 18690
6018 18690
6018 5800
18747 5800
18747 18691
6017 18691
6017 5786
18756 5786
18756 18700
6012 18700
6012 5777
18762 5777
18762 18707
6004 18707
6004 5770
18769 5770
18769 18727
6001 18727
6001 5759
18777 5759
18777 18736
5996 18736
5996 5739
18781 5739
18781 18737
5985 18737
5985 5716
18787 5716
18787 18740
5975 18740
5975 5707
18789 5707
18789 18757
5970 18757
5970 5706
18799 5706
18799 18765
5955 18765
5955 5704
18809 5704
18809 18773
5952 18773
5952 5696
18811 5696
18811 18781
5938 18781
5938 5685
18816 5685
18816 18807
5933 18807
5933 5671
18825 5671
18825 18808
5922 18808
5922 5666
18831 5666
18831 18812
5903 18812
5903 5665
18843 5665
18843 18818
5883 18818
5883 5659
18863 5659
18863 18821
5874 18821
5874 5655
18899 5655
18899 18841
5869 18841
5869 5649
18920 5649
18920 18843
5865 18843
5865 5645
18928 5645
18928 18877
5848 18877
5848 5640
18957 5640
18957 18882
5845 18882
5845 5625
18975 5625
18975 18885
5833 18885
5833 5618
18986 5618
18986 18895
5811 18895
5811 5617
18988 5617
18988 18899
5801 18899
5801 5594
18990 5594
18990 18901
5785 18901
5785 5585
18997 5585
18997 18908
5775 18908
5775 5562
19000 5562
19000 18913
5757 18913
5757 5559
19001 5559
19001 18922
5756 18922
5756 5540
19013 5540
19013 18937
5755 18937
5755 5536
19024 5536
19024 18951
5747 18951
5747 5532
19055 5532
19055 18953
5741 18953
5741 5501
19061 5501
19061 18962
5718 18962
5718 5495
19073 5495
19073 18971
5715 18971
5715 5493
19087 5493
19087 18975
5711 18975
5711 5492
19090 5492
19090 18981
5702 18981
5702 5485
19092 5485
19092 18989
5684 18989
5684 5472
19093 5472
19093 19002
5683 19002
5683 5460
19098 5460
19098 19011
5669 19011
5669 5436
19103 5436
19103 19013
5660 19013
5660 5424
19105 5424
19105 19021
5654 19021
5654 5421
19121 5421
19121 19057
5652 19057
5652 5419
19123 5419
19123 19066
5638 19066
5638 5395
19127 5395
19127 19076
5636 19076
5636 5363
19129 5363
19129 19092
5633 19092
5633 5354
19131 5354
19131 19099
5629 19099
5629 5345
19132 5345
19132 19116
5625 19116
5625 5342
19151 5342
19151 19121
5612 19121
5612 5337
19159 5337
19159 19126
5607 19126
5607 5336
19160 5336
19160 19127
5602 19127
5602 5324
19165 5324
19165 19164
5578 19164
5578 5323
19189 5323
19189 19166
5577 19166
5577 5311
19193 5311
19193 19173
5565 19173
5565 5310
19197 5310
19197 19182
5564 19182
5564 5305
19228 5305
19228 19183
5548 19183
5548 5304
19239 5304
19239 19189
5543 19189
5543 5302
19250 5302
19250 19194
5528 19194
5528 5287
19262 5287
19262 19208
5524 19208
5524 5281
19263 5281
19263 19218
5516 19218
5516 5270
19283 5270
19283 19220
5485 19220
5485 5269
19285 5269
19285 19221
5481 19221
5481 5255
19295 5255
19295 19223
5459 19223
5459 5248
19300 5248
19300 19228
5455 19228
5455 5235
19301 5235
19301 19236
5454 19236
5454 5231
19310 5231
19310 19246
5422 19246
5422 5229
19323 5229
19323 19248
5421 19248
5421 5225
19329 5225
19329 19258
5408 19258
5408 5220
19335 5220
19335 19262
5401 19262
5401 5210
19348 5210
19348 19264
5365 19264
5365 5207
19358 5207
19358 19265
5347 19265
5347 5202
19360 5202
19360 19269
5343 19269
5343 5200
19375 5200
19375 19283
5300 19283
5300 5192
19378 5192
19378 19285
5291 19285
5291 5187
19382 5187
19382 19286
5288 19286
5288 5174
19389 5174
19389 19289
5281 19289
5281 5168
19397 5168
19397 19309
5276 19309
5276 5160
19403 5160
19403 19319
5271 19319
5271 5156
19410 5156
19410 19325
5262 19325
5262 5152
19460 5152
19460 19342
5261 19342
5261 5116
19462 5116
19462 19353
5258 19353
5258 5115
19470 5115
19470 19379
5225 19379
5225 5114
19480 5114
19480 19384
5219 19384
5219 5112
19481 5112
19481 19387
5208 19387
5208 5107
19483 5107
19483 19390
5200 19390
5200 5102
19490 5102
19490 19400
5198 19400
5198 5087
19500 5087
19500 19415
5187 19415
5187 5078
19504 5078
19504 19419
5186 19419
5186 5065
19508 5065
19508 19431
5161 19431
5161 5055
19511 5055
19511 19437
5157 19437
5157 5038
19514 5038
19514 19442
5154 19442
5154 5037
19522 5037
19522 19449
5151 19449
5151 5033
19523 5033
19523 19450
5142 19450
5142 5032
19528 5032
19528 19453
5141 19453
5141 5030
19530 5030
19530 19484
5132 19484
5132 5027
19551 5027
19551 19490
5122 19490
5122 4990
19564 4990
19564 19517
5113 19517
5113 4985
19592 4985
19592 19524
5100 19524
5100 4979
19594 4979
19594 19534
5091 19534
5091 4978
19598 4978
19598 19540
5090 19540
5090 4972
19619 4972
19619 19541
5074 19541
5074 4971
19639 4971
19639 19554
5068 19554
5068 4950
19654 4950
19654 19563
5062 19563
5062 4949
19655 4949
19655 19566
5059 19566
5059 4939
19656 4939
19656 19569
5044 19569
5044 4931
19659 4931
19659 19570
5039 19570
5039 4930
19675 4930
19675 19601
5031 19601
5031 4916
19691 4916
19691 19610
5029 19610
5029 4913
19697 4913
19697 19611
5016 19611
5016 4894
19700 4894
19700 19623
4995 19623
4995 4890
19706 4890
19706 19625
4994 19625
4994 4886
19719 4886
19719 19640
4986 19640
4986 4846
19726 4846
19726 19642
4982 19642
4982 4839
19729 4839
19729 19648
4980 19648
4980 4820
19736 4820
19736 19654
4960 19654
4960 4819
19738 4819
19738 19658
4958 19658
4958 4814
19760 4814
19760 19666
4957 19666
4957 4795
19804 4795
19804 19675
4935 19675
4935 4776
19805 4776
19805 19685
4917 19685
4917 4759
19810 4759
19810 19721
4914 19721
4914 4753
19821 4753
19821 19722
4910 19722
4910 4746
19826 4746
19826 19730
4904 19730
4904 4735
19827 4735
19827 19732
4903 19732
4903 4730
19828 4730
19828 19737
4894 19737
4894 4710
19839 4710
19839 19741
4885 19741
4885 4707
19849 4707
19849 19744
4879 19744
4879 4706
19858 4706
19858 19770
4874 19770
4874 4696
19868 4696
19868 19775
4863 19775
4863 4694
19870 4694
19870 19778
4862 19778
4862 4692
19880 4692
19880 19786
4848 19786
4848 4683
19898 4683
19898 19788
4845 19788
4845 4665
19900 4665
19900 19793
4842 19793
4842 4645
19907 4645
19907 19819
4841 19819
4841 4616
19908 4616
19908 19823
4811 19823
4811 4609
19911 4609
19911 19848
4810 19848
4810 4587
19922 4587
19922 19866
4806 19866
4806 4585
19927 4585
19927 19868
4790 19868
4790 4584
19928 4584
19928 19876
4777 19876
4777 4568
19933 4568
19933 19878
4771 19878
4771 4555
19940 4555
19940 19885
4760 19885
4760 4548
19943 4548
19943 19893
4757 19893
4757 4528
19947 4528
19947 19894
4751 19894
4751 4524
19951 4524
19951 19904
4733 19904
4733 4516
19959 4516
19959 19905
4722 19905
4722 4505
19972 4505
19972 19919
4713 19919
4713 4492
20007 4492
20007 19932
4706 19932
4706 4461
20013 4461
20013 19937
4703 19937
4703 4455
20014 4455
20014 19942
4677 19942
4677 4448
20021 4448
20021 19944
4673 19944
4673 4436
20032 4436
20032 19947
4670 19947
4670 4426
20046 4426
20046 19957
4648 19957
4648 4421
20062 4421
20062 19963
4642 19963
4642 4406
20066 4406
20066 19965
4631 19965
4631 4401
20082 4401
20082 19979
4625 19979
4625 4397
20086 4397
20086 19983
4613 19983
4613 4396
20099 4396
20099 20012
4611 20012
4611 4389
20103 4389
20103 20014
4604 20014
4604 4379
20109 4379
20109 20020
4582 20020
4582 4370
20125 4370
20125 20021
4581 20021
4581 4369
20131 4369
20131 20024
4580 20024
4580 4366
20151 4366
20151 20033
4577 20033
4577 4365
20175 4365
20175 20047
4576 20047
4576 4354
20212 4354
20212 20048
4563 20048
4563 4326
20213 4326
20213 20067
4541 20067
4541 4317
20222 4317
20222 20069
4539 20069
4539 4316
20244 4316
20244 20075
4531 20075
4531 4314
20259 4314
20259 20078
4529 20078
4529 4313
20264 4313
20264 20080
4509 20080
4509 4312
20265 4312
20265 20090
4508 20090
4508 4309
20283 4309
20283 20091
4496 20091
4496 4306
20292 4306
20292 20097
4478 20097
4478 4296
20293 4296
20293 20107
4467 20107
4467 4287
20306 4287
20306 20117
4455 20117
4455 4283
20307 4283
20307 20128
4440 20128
4440 4270
20310 4270
20310 20165
4439 20165
4439 4258
20317 4258
20317 20192
4428 20192
4428 4250
20322 4250
20322 20196
4418 20196
4418 4247
20331 4247
20331 20201
4399 20201
4399 4245
20335 4245
20335 20222
4398 20222
4398 4238
20341 4238
20341 20226
4391 20226
4391 4235
20360 4235
20360 20257
4390 20257
4390 4234
20367 4234
20367 20259
4389 20259
4389 4233
20378 4233
20378 20266
4376 20266
4376 4214
20384 4214
20384 20275
4368 20275
4368 4213
20385 4213
20385 20294
4365 20294
4365 4211
20411 4211
20411 20295
4319 20295
4319 4204
20412 4204
20412 20301
4318 20301
4318 4198
20424 4198
20424 20307
4308 20307
4308 4193
20427 4193
20427 20309
4300 20309
4300 4189
20431 4189
20431 20322
4297 20322
4297 4181
20435 4181
20435 20332
4296 20332
4296 4178
20441 4178
20441 20338
4295 20338
4295 4165
20443 4165
20443 20339
4280 20339
4280 4162
20446 4162
20446 20365
4277 20365
4277 4152
20453 4152
20453 20367
4271 20367
4271 4145
20456 4145
20456 20371
4268 20371
4268 4139
20457 4139
20457 20379
4262 20379
4262 4115
20467 4115
20467 20381
4257 20381
4257 4105
20468 4105
20468 20384
4247 20384
4247 4101
20473 4101
20473 20385
4246 20385
4246 4092
20477 4092
20477 20387
4240 20387
4240 4090
20486 4090
20486 20389
4239 20389
4239 4087
20487 4087
20487 20390
4237 20390
4237 4078
20494 4078
20494 20394
4216 20394
4216 4076
20497 4076
20497 20408
4213 20408
4213 4068
20507 4068
20507 20412
4192 20412
4192 4061
20520 4061
20520 20416
4177 20416
4177 4059
20526 4059
20526 20417
4176 20417
4176 4056
20530 4056
20530 20434
4174 20434
4174 4046
20531 4046
20531 20441
4172 20441
4172 4045
20538 4045
20538 20444
4171 20444
4171 4044
20563 4044
20563 20447
4153 20447
4153 4034
20565 4034
20565 20448
4144 20448
4144 4028
20578 4028
20578 20457
4134 20457
4134 4019
20580 4019
20580 20465
4132 20465
4132 3995
20581 3995
20581 20471
4128 20471
4128 3986
20583 3986
20583 20475
4127 20475
4127 3985
20597 3985
20597 20503
4114 20503
4114 3984
20599 3984
20599 20507
4105 20507
4105 3976
20607 3976
20607 20516
4104 20516
4104 3973
20628 3973
20628 20524
4089 20524
4089 3971
20629 3971
20629 20529
4085 20529
4085 3963
20633 3963
20633 20531
4069 20531
4069 3960
20640 3960
20640 20536
4067 20536
4067 3952
20679 3952
20679 20556
4063 20556
4063 3942
20680 3942
20680 20578
4059 20578
4059 3937
20691 3937
20691 20586
4048 20586
4048 3935
20693 3935
20693 20593
4047 20593
4047 3932
20700 3932
20700 20595
4045 20595
4045 3928
20703 3928
20703 20599
4037 20599
4037 3927
20716 3927
20716 20606
4027 20606
4027 3921
20725 3921
20725 20611
4025 20611
4025 3919
20733 3919
20733 20613
4012 20613
4012 3911
20737 3911
20737 20621
3994 20621
3994 3897
20744 3897
20744 20623
3991 20623
3991 3895
20746 3895
20746 20630
3988 20630
3988 3894
20764 3894
20764 20644
3978 20644
3978 3878
20769 3878
20769 20649
3972 20649
3972 3874
20771 3874
20771 20651
3970 20651
3970 3872
20786 3872
20786 20657
3968 20657
3968 3867
20790 3867
20790 20660
3943 20660
3943 3864
20807 3864
20807 20661
3925 20661
3925 3860
20822 3860
20822 20668
3919 20668
3919 3849
20831 3849
20831 20688
3914 20688
3914 3843
20844 3843
20844 20708
3905 20708
3905 3839
20845 3839
20845 20712
3898 20712
3898 3834
20848 3834
20848 20744
3892 20744
3892 3827
20849 3827
20849 20748
3890 20748
3890 3826
20850 3826
20850 20766
3886 20766
3886 3825
20855 3825
20855 20773
3880 20773
3880 3824
20860 3824
20860 20775
3872 20775
3872 3819
20861 3819
20861 20776
3865 20776
3865 3811
20862 3811
20862 20792
3857 20792
3857 3796
20866 3796
20866 20794
3848 20794
3848 3793
20885 3793
20885 20822
3824 20822
3824 3790
20891 3790
20891 20830
3823 20830
3823 3771
20898 3771
20898 20835
3821 20835
3821 3762
20900 3762
20900 20842
3817 20842
3817 3761
20906 3761
20906 20843
3798 20843
3798 3753
20915 3753
20915 20874
3792 20874
3792 3746
20917 3746
20917 20876
3786 20876
3786 3744
20926 3744
20926 20879
3785 20879
3785 3743
20945 3743
20945 20882
3783 20882
3783 3738
20957 3738
20957 20893
3777 20893
3777 3736
20958 3736
20958 20900
3774 20900
3774 3728
20968 3728
20968 20912
3761 20912
3761 3726
20975 3726
20975 20916
3759 20916
3759 3724
20980 3724
20980 20917
3749 20917
3749 3709
20984 3709
20984 20919
3747 20919
3747 3707
20987 3707
20987 20930
3742 20930
3742 3704
20994 3704
20994 20935
3731 20935
3731 3692
21004 3692
21004 20950
3728 20950
3728 3690
21013 3690
21013 20961
3727 20961
3727 3683
21014 3683
21014 20980
3694 20980
3694 3669
21015 3669
21015 20993
3685 20993
3685 3662
21020 3662
21020 21000
3679 21000
3679 3657
21021 3657
21021 21002
3678 21002
3678 3656
21026 3656
21026 21005
3670 21005
3670 3639
21030 3639
21030 21010
3644 21010
3644 3623
21038 3623
21038 21020
3634 21020
3634 3622
21041 3622
21041 21029
3628 21029
3628 3620
21043 3620
21043 21034
3609 21034
3609 3600
21046 3600
21046 21038
3607 21038
3607 3597
21066 3597
21066 21041
3598 21041
3598 3593
21071 3593
21071 21042
3590 21042
3590 3587
21075 3587
21075 21051
3584 21051
3584 3569
21087 3569
21087 21059
3582 21059
3582 3557
21097 3557
21097 21072
3565 21072
3565 3554
21099 3554
21099 21073
3562 21073
3562 3532
21109 3532
21109 21108
3556 21108
3556 3531
21110 3531
21110 21121
3550 21121
3550 3520
21117 3520
21117 21123
3542 21123
3542 3511
21121 3511
21121 21150
3530 21150
3530 3501
21123 3501
21123 21151
3518 21151
3518 3498
21128 3498
21128 21153
3514 21153
3514 3497
21135 3497
21135 21167
3513 21167
3513 3494
21138 3494
21138 21169
3510 21169
3510 3483
21141 3483
21141 21193
3494 21193
3494 3481
21150 3481
21150 21196
3491 21196
3491 3472
21152 3472
21152 21203
3489 21203
3489 3461
21154 3461
21154 21213
3482 21213
3482 3455
21158 3455
21158 21224
3480 21224
3480 3452
21160 3452
21160 21228
3472 21228
3472 3445
21161 3445
21161 21230
3467 21230
3467 3428
21167 3428
21167 21231
3461 21231
3461 3427
21184 3427
21184 21232
3451 21232
3451 3422
21198 3422
21198 21237
3441 21237
3441 3408
21206 3408
21206 21240
3437 21240
3437 3399
21212 3399
21212 21243
3435 21243
3435 3396
21221 3396
21221 21245
3434 21245
3434 3393
21232 3393
21232 21246
3430 21246
3430 3377
21234 3377
21234 21255
3429 21255
3429 3368
21240 3368
21240 21271
3425 21271
3425 3367
21248 3367
21248 21281
3424 21281
3424 3365
21255 3365
21255 21285
3420 21285
3420 3364
21262 3364
21262 21287
3419 21287
3419 3360
21275 3360
21275 21294
3400 21294
3400 3342
21277 3342
21277 21301
3399 21301
3399 3338
21287 3338
21287 21302
3394 21302
3394 3336
21299 3336
21299 21304
3378 21304
3378 3334
21307 3334
21307 21307
3360 21307
3360 3331
21310 3331
21310 21308
3359 21308
3359 3329
21323 3329
21323 21316
3353 21316
3353 3326
21330 3326
21330 21323
3348 21323
3348 3312
21332 3312
21332 21332
3344 21332
3344 3308
21341 3308
21341 21339
3331 21339
3331 3304
21344 3304
21344 21355
3327 21355
3327 3299
21348 3299
21348 21356
3317 21356
3317 3293
21349 3293
21349 21366
3310 21366
3310 3251
21351 3251
21351 21367
3304 21367
3304 3249
21352 3249
21352 21376
3294 21376
3294 3241
21353 3241
21353 21377
3289 21377
3289 3226
21355 3226
21355 21386
3287 21386
3287 3225
21356 3225
21356 21395
3283 21395
3283 3222
21373 3222
21373 21415
3274 21415
3274 3203
21380 3203
21380 21430
3272 21430
3272 3199
21382 3199
21382 21434
3267 21434
3267 3190
21384 3190
21384 21435
3260 21435
3260 3172
21387 3172
21387 21451
3255 21451
3255 3157
21389 3157
21389 21460
3252 21460
3252 3151
21404 3151
21404 21461
3249 21461
3249 3137
21405 3137
21405 21465
3244 21465
3244 3131
21410 3131
21410 21467
3242 21467
3242 3130
21411 3130
21411 21470
3230 21470
3230 3127
21415 3127
21415 21473
3229 21473
3229 3118
21416 3118
21416 21490
3225 21490
3225 3111
21420 3111
21420 21495
3194 21495
3194 3108
21423 3108
21423 21503
3189 21503
3189 3099
21427 3099
21427 21505
3186 21505
3186 3093
21429 3093
21429 21518
3184 21518
3184 3072
21438 3072
21438 21520
3167 21520
3167 3056
21442 3056
21442 21524
3165 21524
3165 3036
21444 3036
21444 21525
3160 21525
3160 3030
21445 3030
21445 21529
3157 21529
3157 3028
21450 3028
21450 21535
3154 21535
3154 3022
21458 3022
21458 21551
3144 21551
3144 3015
21460 3015
21460 21567
3142 21567
3142 3011
21467 3011
21467 21575
3137 21575
3137 3007
21473 3007
21473 21576
3131 21576
3131 2986
21481 2986
21481 21586
3130 21586
3130 2984
21511 2984
21511 21589
3124 21589
3124 2982
21517 2982
21517 21592
3108 21592
3108 2979
21534 2979
21534 21597
3076 21597
3076 2978
21538 2978
21538 21600
3075 21600
3075 2977
21539 2977
21539 21609
3069 21609
3069 2966
21560 2966
21560 21610
3067 21610
3067 2952
21568 2952
21568 21614
3061 21614
3061 2934
21578 2934
21578 21629
3059 21629
3059 2933
21581 2933
21581 21635
3054 21635
3054 2930
21584 2930
21584 21641
3048 21641
3048 2929
21587 2929
21587 21643
3047 21643
3047 2917
21591 2917
21591 21647
3046 21647
3046 2880
21592 2880
21592 21653
3038 21653
3038 2864
21594 2864
21594 21661
3032 21661
3032 2861
21605 2861
21605 21666
3014 21666
3014 2858
21608 2858
21608 21667
3013 21667
3013 2856
21609 2856
21609 21671
3007 21671
3007 2834
21615 2834
21615 21683
3003 21683
3003 2817
21624 2817
21624 21692
3000 21692
3000 2816
21628 2816
21628 21700
2996 21700
2996 2812
21633 2812
21633 21702
2994 21702
2994 2810
21674 2810
21674 21711
2985 21711
2985 2809
21679 2809
21679 21726
2982 21726
2982 2800
21693 2800
21693 21740
2981 21740
2981 2795
21721 2795
21721 21746
2980 21746
2980 2789
21722 2789
21722 21763
2978 21763
2978 2788
21725 2788
21725 21765
2975 21765
2975 2785
21738 2785
21738 21772
2969 21772
2969 2777
21744 2777
21744 21811
2967 21811
2967 2768
21747 2768
21747 21821
2953 21821
2953 2765
21749 2765
21749 21830
2948 21830
2948 2758
21751 2758
21751 21840
2945 21840
2945 2753
21754 2753
21754 21842
2939 21842
2939 2751
21760 2751
21760 21846
2919 21846
2919 2737
21773 2737
21773 21855
2911 21855
2911 2734
21774 2734
21774 21861
2909 21861
2909 2729
21788 2729
21788 21863
2908 21863
2908 2722
21794 2722
21794 21864
2907 21864
2907 2719
21804 2719
21804 21879
2902 21879
2902 2713
21820 2713
21820 21883
2901 21883
2901 2711
21827 2711
21827 21889
2895 21889
2895 2710
21837 2710
21837 21892
2893 21892
2893 2700
21838 2700
21838 21906
2888 21906
2888 2689
21843 2689
21843 21911
2878 21911
2878 2687
21844 2687
21844 21913
2877 21913
2877 2680
21848 2680
21848 21916
2870 21916
2870 2674
21853 2674
21853 21930
2868 21930
2868 2672
21877 2672
21877 21933
2856 21933
2856 2669
21884 2669
21884 21937
2853 21937
2853 2667
21892 2667
21892 21945
2852 21945
2852 2666
21899 2666
21899 21947
2851 21947
2851 2660
21906 2660
21906 21950
2850 21950
2850 2644
21909 2644
21909 21952
2849 21952
2849 2623
21912 2623
21912 21965
2845 21965
2845 2622
21915 2622
21915 21966
2843 21966
2843 2618
21928 2618
21928 22011
2835 22011
2835 2601
21929 2601
21929 22028
2831 22028
2831 2597
21934 2597
21934 22030
2828 22030
2828 2596
21954 2596
21954 22034
2826 22034
2826 2589
21964 2589
21964 22036
2820 22036
2820 2580
21970 2580
21970 22042
2800 22042
2800 2568
21972 2568
21972 22050
2774 22050
2774 2564
21983 2564
21983 22058
2769 22058
2769 2562
21987 2562
21987 22065
2768 22065
2768 2560
22000 2560
22000 22067
2760 22067
2760 2559
22004 2559
22004 22068
2742 22068
2742 2549
22015 2549
22015 22082
2722 22082
2722 2542
22024 2542
22024 22088
2721 22088
2721 2539
22025 2539
22025 22089
2697 22089
2697 2537
22041 2537
22041 22116
2696 22116
2696 2535
22051 2535
22051 22122
2694 22122
2694 2534
22072 2534
22072 22123
2689 22123
2689 2519
22079 2519
22079 22126
2688 22126
2688 2500
22085 2500
22085 22133
2682 22133
2682 2494
22086 2494
22086 22134
2671 22134
2671 2492
22088 2492
22088 22140
2669 22140
2669 2483
22113 2483
22113 22150
2668 22150
2668 2482
22115 2482
22115 22156
2664 22156
2664 2474
22123 2474
22123 22163
2652 22163
2652 2473
22126 2473
22126 22164
2644 22164
2644 2469
22127 2469
22127 22170
2639 22170
2639 2449
22128 2449
22128 22175
2634 22175
2634 2448
22131 2448
22131 22177
2630 22177
2630 2446
22133 2446
22133 22181
2627 22181
2627 2442
22140 2442
22140 22195
2611 22195
2611 2439
22158 2439
22158 22201
2604 22201
2604 2430
22161 2430
22161 22208
2603 22208
2603 2424
22167 2424
22167 22211
2596 22211
2596 2418
22170 2418
22170 22217
2593 22217
2593 2417
22179 2417
22179 22221
2587 22221
2587 2416
22183 2416
22183 22226
2578 22226
2578 2405
22184 2405
22184 22230
2564 22230
2564 2402
22185 2402
22185 22236
2557 22236
2557 2400
22187 2400
22187 22238
2551 22238
2551 2398
22198 2398
22198 22239
2549 22239
2549 2382
22199 2382
22199 22241
2542 22241
2542 2370
22203 2370
22203 22246
2539 22246
2539 2368
22209 2368
22209 22247
2531 22247
2531 2365
22211 2365
22211 22271
2527 22271
2527 2361
22213 2361
22213 22274
2526 22274
2526 2353
22234 2353
22234 22276
2523 22276
2523 2346
22235 2346
22235 22278
2516 22278
2516 2336
22241 2336
22241 22282
2510 22282
2510 2331
22244 2331
22244 22283
2507 22283
2507 2330
22261 2330
22261 22289
2495 22289
2495 2328
22264 2328
22264 22296
2494 22296
2494 2324
22287 2324
22287 22297
2492 22297
2492 2316
22288 2316
22288 22302
2475 22302
2475 2305
22290 2305
22290 22309
2474 22309
2474 2304
22298 2304
22298 22313
2472 22313
2472 2300
22300 2300
22300 22324
2471 22324
2471 2294
22306 2294
22306 22326
2469 22326
2469 2293
22313 2293
22313 22334
2467 22334
2467 2288
22317 2288
22317 22336
2463 22336
2463 2283
22322 2283
22322 22365
2462 22365
2462 2278
22332 2278
22332 22380
2459 22380
2459 2276
22336 2276
22336 22381
2450 22381
2450 2273
22339 2273
22339 22386
2446 22386
2446 2265
22341 2265
22341 22392
2444 22392
2444 2234
22344 2234
22344 22400
2439 22400
2439 2229
22365 2229
22365 22404
2437 22404
2437 2215
22366 2215
22366 22415
2435 22415
2435 2214
22381 2214
22381 22423
2431 22423
2431 2213
22396 2213
22396 22430
2419 22430
2419 2207
22400 2207
22400 22431
2417 22431
2417 2204
22407 2204
22407 22432
2415 22432
2415 2202
22417 2202
22417 22437
2412 22437
2412 2200
22427 2200
22427 22439
2408 22439
2408 2199
22429 2199
22429 22443
2403 22443
2403 2198
22436 2198
22436 22466
2398 22466
2398 2189
22440 2189
22440 22477
2396 22477
2396 2184
22445 2184
22445 22478
2388 22478
2388 2181
22450 2181
22450 22505
2384 22505
2384 2173
22456 2173
22456 22515
2380 22515
2380 2163
22459 2163
22459 22523
2370 22523
2370 2162
22460 2162
22460 22524
2351 22524
2351 2160
22464 2160
22464 22526
2350 22526
2350 2155
22472 2155
22472 22528
2349 22528
2349 2150
22478 2150
22478 22541
2347 22541
2347 2147
22487 2147
22487 22543
2333 22543
2333 2123
22506 2123
22506 22544
2320 22544
2320 2122
22511 2122
22511 22548
2319 22548
2319 2120
22518 2120
22518 22557
2318 22557
2318 2112
22524 2112
22524 22560
2314 22560
2314 2111
22536 2111
22536 22563
2307 22563
2307 2101
22540 2101
22540 22577
2306 22577
2306 2090
22556 2090
22556 22584
2295 22584
2295 2082
22560 2082
22560 22587
2279 22587
2279 2078
22561 2078
22561 22612
2273 22612
2273 2076
22562 2076
22562 22614
2271 22614
2271 2075
22565 2075
22565 22617
2265 22617
2265 2065
22568 2065
22568 22626
2253 22626
2253 2057
22586 2057
22586 22645
2252 22645
2252 2049
22592 2049
22592 22649
2249 22649
2249 2047
22599 2047
22599 22652
2233 22652
2233 2046
22614 2046
22614 22656
2231 22656
2231 2034
22619 2034
22619 22657
2226 22657
2226 2019
22666 2019
22666 22658
2223 22658
2223 2018
22667 2018
22667 22668
2222 22668
2222 2008
22677 2008
22677 22676
2217 22676
2217 2006
22679 2006
22679 22684
2210 22684
2210 2001
22685 2001
22685 22687
2176 22687
2176 1993
22704 1993
22704 22716
2170 22716
2170 1989
22715 1989
22715 22726
2166 22726
2166 1988
22716 1988
22716 22735
2164 22735
2164 1981
22719 1981
22719 22751
2157 22751
2157 1979
22731 1979
22731 22753
2151 22753
2151 1961
22734 1961
22734 22784
2148 22784
2148 1950
22743 1950
22743 22793
2140 22793
2140 1944
22753 1944
22753 22801
2138 22801
2138 1943
22760 1943
22760 22811
2123 22811
2123 1942
22761 1942
22761 22812
2108 22812
2108 1941
22772 1941
22772 22815
2105 22815
2105 1935
22791 1935
22791 22819
2087 22819
2087 1929
22793 1929
22793 22823
2081 22823
2081 1920
22795 1920
22795 22825
2077 22825
2077 1919
22796 1919
22796 22829
2062 22829
2062 1916
22804 1916
22804 22834
2061 22834
2061 1911
22812 1911
22812 22837
2057 22837
2057 1907
22825 1907
22825 22847
2039 22847
2039 1906
22827 1906
22827 22864
2037 22864
2037 1904
22831 1904
22831 22875
2034 22875
2034 1903
22832 1903
22832 22886
2022 22886
2022 1901
22844 1901
22844 22891
2020 22891
2020 1890
22848 1890
22848 22905
2007 22905
2007 1887
22851 1887
22851 22906
2004 22906
2004 1874
22852 1874
22852 22908
1999 22908
1999 1869
22855 1869
22855 22916
1988 22916
1988 1868
22865 1868
22865 22920
1983 22920
1983 1861
22867 1861
22867 22935
1972 22935
1972 1860
22869 1860
22869 22936
1970 22936
1970 1857
22875 1857
22875 22944
1966 22944
1966 1856
22876 1856
22876 22945
1964 22945
1964 1854
22885 1854
22885 22950
1949 22950
1949 1852
22886 1852
22886 22952
1944 22952
1944 1843
22905 1843
22905 22954
1938 22954
1938 1839
22912 1839
22912 22955
1934 22955
1934 1838
22940 1838
22940 22958
1933 22958
1933 1837
22956 1837
22956 22969
1928 22969
1928 1834
22960 1834
22960 22978
1917 22978
1917 1831
22965 1831
22965 22980
1902 22980
1902 1827
22967 1827
22967 22983
1901 22983
1901 1814
22971 1814
22971 22989
1896 22989
1896 1805
22972 1805
22972 22993
1894 22993
1894 1803
22978 1803
22978 23002
1893 23002
1893 1796
22980 1796
22980 23006
1880 23006
1880 1786
23004 1786
23004 23010
1873 23010
1873 1783
23009 1783
23009 23012
1871 23012
1871 1768
23010 1768
23010 23019
1865 23019
1865 1766
23013 1766
23013 23022
1864 23022
1864 1765
23017 1765
23017 23023
1861 23023
1861 1757
23019 1757
23019 23024
1839 23024
1839 1754
23020 1754
23020 23034
1833 23034
1833 1748
23026 1748
23026 23036
1828 23036
1828 1744
23029 1744
23029 23040
1819 23040
1819 1735
23037 1735
23037 23043
1817 23043
1817 1726
23039 1726
23039 23044
1815 23044
1815 1724
23040 1724
23040 23045
1806 23045
1806 1723
23050 1723
23050 23046
1798 23046
1798 1720
23059 1720
23059 23051
1795 23051
1795 1706
23060 1706
23060 23059
1792 23059
1792 1702
23063 1702
23063 23074
1791 23074
1791 1699
23064 1699
23064 23077
1785 23077
1785 1693
23082 1693
23082 23078
1782 23078
1782 1688
23086 1688
23086 23079
1778 23079
1778 1681
23092 1681
23092 23081
1769 23081
1769 1676
23100 1676
23100 23085
1765 23085
1765 1658
23113 1658
23113 23094
1751 23094
1751 1654
23124 1654
23124 23095
1738 23095
1738 1649
23139 1649
23139 23096
1737 23096
1737 1648
23141 1648
23141 23098
1736 23098
1736 1646
23144 1646
23144 23102
1734 23102
1734 1635
23145 1635
23145 23106
1732 23106
1732 1628
23150 1628
23150 23123
1729 23123
1729 1619
23154 1619
23154 23130
1719 23130
1719 1618
23162 1618
23162 23136
1707 23136
1707 1608
23168 1608
23168 23145
1704 23145
1704 1601
23171 1601
23171 23166
1701 23166
1701 1599
23175 1599
23175 23169
1697 23169
1697 1593
23176 1593
23176 23173
1696 23173
1696 1571
23182 1571
23182 23179
1690 23179
1690 1567
23190 1567
23190 23182
1688 23182
1688 1564
23208 1564
23208 23189
1685 23189
1685 1560
23210 1560
23210 23197
1683 23197
1683 1559
23211 1559
23211 23201
1682 23201
1682 1558
23213 1558
23213 23204
1670 23204
1670 1550
23216 1550
23216 23211
1669 23211
1669 1545
23217 1545
23217 23214
1664 23214
1664 1544
23221 1544
23221 23216
1659 23216
1659 1542
23222 1542
23222 23219
1654 23219
1654 1533
23229 1533
23229 23229
1652 23229
1652 1529
23233 1529
23233 23244
1643 23244
1643 1528
23234 1528
23234 23247
1633 23247
1633 1524
23246 1524
23246 23250
1632 23250
1632 1523
23263 1523
23263 23261
1627 23261
1627 1520
23273 1520
23273 23263
1614 23263
1614 1512
23274 1512
23274 23275
1613 23275
1613 1507
23312 1507
23312 23277
1612 23277
1612 1504
23313 1504
23313 23292
1609 23292
1609 1502
23314 1502
23314 23294
1608 23294
1608 1500
23321 1500
23321 23296
1600 23296
1600 1492
23322 1492
23322 23307
1582 23307
1582 1491
23325 1491
23325 23315
1575 23315
1575 1486
23336 1486
23336 23317
1563 23317
1563 1481
23349 1481
23349 23326
1558 23326
1558 1474
23352 1474
23352 23333
1557 23333
1557 1465
23355 1465
23355 23341
1556 23341
1556 1460
23356 1460
23356 23357
1530 23357
1530 1456
23357 1456
23357 23359
1519 23359
1519 1443
23370 1443
23370 23360
1518 23360
1518 1442
23378 1442
23378 23368
1512 23368
1512 1441
23379 1441
23379 23373
1510 23373
1510 1433
23382 1433
23382 23376
1502 23376
1502 1426
23386 1426
23386 23382
1500 23382
1500 1420
23396 1420
23396 23391
1499 23391
1499 1417
23398 1417
23398 23394
1494 23394
1494 1408
23399 1408
23399 23395
1484 23395
1484 1407
23403 1407
23403 23407
1480 23407
1480 1400
23404 1400
23404 23422
1476 23422
1476 1399
23406 1399
23406 23442
1469 23442
1469 1392
23411 1392
23411 23446
1467 23446
1467 1390
23419 1390
23419 23460
1466 23460
1466 1388
23425 1388
23425 23473
1455 23473
1455 1385
23430 1385
23430 23484
1453 23484
1453 1384
23434 1384
23434 23495
1437 23495
1437 1347
23442 1347
23442 23498
1429 23498
1429 1344
23446 1344
23446 23501
1427 23501
1427 1342
23451 1342
23451 23502
1425 23502
1425 1339
23455 1339
23455 23504
1418 23504
1418 1337
23457 1337
23457 23509
1413 23509
1413 1332
23463 1332
23463 23513
1397 23513
1397 1329
23484 1329
23484 23523
1393 23523
1393 1326
23485 1326
23485 23549
1392 23549
1392 1320
23491 1320
23491 23551
1381 23551
1381 1313
23493 1313
23493 23556
1379 23556
1379 1290
23497 1290
23497 23558
1378 23558
1378 1288
23529 1288
23529 23559
1376 23559
1376 1285
23543 1285
23543 23566
1374 23566
1374 1283
23545 1283
23545 23568
1368 23568
1368 1279
23556 1279
23556 23572
1359 23572
1359 1276
23559 1276
23559 23573
1355 23573
1355 1275
23562 1275
23562 23585
1351 23585
1351 1273
23572 1273
23572 23589
1347 23589
1347 1271
23579 1271
23579 23607
1345 23607
1345 1270
23580 1270
23580 23608
1343 23608
1343 1266
23583 1266
23583 23611
1334 23611
1334 1259
23593 1259
23593 23621
1332 23621
1332 1254
23600 1254
23600 23632
1326 23632
1326 1252
23603 1252
23603 23635
1314 23635
1314 1249
23605 1249
23605 23642
1308 23642
1308 1241
23606 1241
23606 23649
1307 23649
1307 1235
23607 1235
23607 23665
1302 23665
1302 1233
23616 1233
23616 23667
1301 23667
1301 1223
23628 1223
23628 23672
1296 23672
1296 1220
23632 1220
23632 23691
1292 23691
1292 1211
23635 1211
23635 23696
1284 23696
1284 1209
23647 1209
23647 23697
1275 23697
1275 1202
23653 1202
23653 23701
1273 23701
1273 1194
23660 1194
23660 23706
1258 23706
1258 1193
23667 1193
23667 23713
1257 23713
1257 1192
23668 1192
23668 23715
1250 23715
1250 1190
23669 1190
23669 23720
1236 23720
1236 1179
23697 1179
23697 23724
1235 23724
1235 1169
23702 1169
23702 23737
1223 23737
1223 1165
23707 1165
23707 23743
1222 23743
1222 1162
23708 1162
23708 23754
1216 23754
1216 1156
23709 1156
23709 23756
1208 23756
1208 1155
23710 1155
23710 23758
1204 23758
1204 1154
23712 1154
23712 23760
1202 23760
1202 1152
23713 1152
23713 23773
1194 23773
1194 1150
23715 1150
23715 23774
1188 23774
1188 1144
23717 1144
23717 23776
1184 23776
1184 1136
23718 1136
23718 23779
1170 23779
1170 1135
23727 1135
23727 23781
1169 23781
1169 1134
23738 1134
23738 23794
1167 23794
1167 1129
23751 1129
23751 23804
1153 23804
1153 1121
23755 1121
23755 23808
1150 23808
1150 1118
23767 1118
23767 23816
1148 23816
1148 1115
23768 1115
23768 23819
1142 23819
1142 1103
23770 1103
23770 23820
1139 23820
1139 1100
23774 1100
23774 23826
1126 23826
1126 1088
23777 1088
23777 23830
1116 23830
1116 1082
23787 1082
23787 23832
1112 23832
1112 1080
23792 1080
23792 23843
1109 23843
1109 1074
23794 1074
23794 23850
1107 23850
1107 1073
23801 1073
23801 23851
1097 23851
1097 1070
23805 1070
23805 23854
1095 23854
1095 1066
23807 1066
23807 23867
1086 23867
1086 1061
23814 1061
23814 23880
1081 23880
1081 1051
23817 1051
23817 23884
1079 23884
1079 1047
23819 1047
23819 23897
1075 23897
1075 1040
23823 1040
23823 23910
1048 23910
1048 1038
23824 1038
23824 23917
1043 23917
1043 1037
23829 1037
23829 23931
1038 23931
1038 1033
23836 1033
23836 23933
1031 23933
1031 1030
23843 1030
23843 23935
1028 23935
1028 1027
23847 1027
23847 23943
1024 23943
1024 1026
23851 1026
23851 23948
1013 23948
1013 1023
23855 1023
23855 23951
1002 23951
1002 1015
23859 1015
23859 23959
998 23959
998 1009
23867 1009
23867 23961
993 23961
993 1005
23873 1005
23873 23962
992 23962
992 987
23878 987
23878 23964
991 23964
991 971
23880 971
23880 23966
989 23966
989 965
23881 965
23881 23967
983 23967
983 960
23882 960
23882 23968
982 23968
982 952
23892 952
23892 23972
977 23972
977 949
23895 949
23895 23990
974 23990
974 944
23896 944
23896 23991
970 23991
970 943
23898 943
23898 23995
967 23995
967 939
23900 939
23900 23997
957 23997
957 935
23903 935
23903 24001
956 24001
956 927
23916 927
23916 24004
944 24004
944 926
23917 926
23917 24013
939 24013
939 922
23927 922
23927 24014
938 24014
938 914
23938 914
23938 24039
936 24039
936 908
23949 908
23949 24040
934 24040
934 903
23960 903
23960 24041
933 24041
933 900
23974 900
23974 24042
931 24042
931 899
23977 899
23977 24049
929 24049
929 895
23979 895
23979 24051
923 24051
923 893
23981 893
23981 24054
921 24054
921 891
23983 891
23983 24063
919 24063
919 889
23987 889
23987 24065
918 24065
918 884
23988 884
23988 24066
908 24066
908 874
23989 874
23989 24071
900 24071
900 868
23994 868
23994 24086
894 24086
894 863
23998 863
23998 24090
882 24090
882 860
24006 860
24006 24096
869 24096
869 856
24007 856
24007 24104
868 24104
868 852
24008 852
24008 24111
866 24111
866 847
24018 847
24018 24113
865 24113
865 834
24026 834
24026 24114
863 24114
863 833
24029 833
24029 24119
847 24119
847 830
24032 830
24032 24129
841 24129
841 828
24033 828
24033 24133
831 24133
831 823
24039 823
24039 24136
829 24136
829 820
24040 820
24040 24137
826 24137
826 815
24041 815
24041 24141
816 24141
816 813
24050 813
24050 24144
814 24144
814 806
24055 806
24055 24146
811 24146
811 804
24067 804
24067 24148
810 24148
810 803
24080 803
24080 24152
808 24152
808 802
24083 802
24083 24158
799 24158
799 794
24088 794
24088 24169
793 24169
793 792
24096 792
24096 24174
786 24174
786 791
24099 791
24099 24175
785 24175
785 790
24104 790
24104 24182
783 24182
783 784
24106 784
24106 24185
779 24185
779 782
24110 782
24110 24196
775 24196
775 780
24114 780
24114 24202
766 24202
766 779
24122 779
24122 24206
759 24206
759 773
24125 773
24125 24209
752 24209
752 769
24129 769
24129 24223
748 24223
748 768
24141 768
24141 24224
747 24224
747 766
24151 766
24151 24225
743 24225
743 763
24157 763
24157 24228
739 24228
739 761
24169 761
24169 24229
735 24229
735 751
24171 751
24171 24237
722 24237
722 739
24173 739
24173 24238
719 24238
719 731
24175 731
24175 24245
717 24245
717 729
24180 729
24180 24249
716 24249
716 728
24187 728
24187 24254
713 24254
713 727
24200 727
24200 24271
710 24271
710 723
24204 723
24204 24278
702 24278
702 718
24206 718
24206 24295
701 24295
701 714
24211 714
24211 24300
699 24300
699 712
24214 712
24214 24317
681 24317
681 708
24216 708
24216 24322
668 24322
668 704
24217 704
24217 24337
666 24337
666 702
24225 702
24225 24352
664 24352
664 700
24227 700
24227 24362
661 24362
661 686
24229 686
24229 24365
659 24365
659 672
24230 672
24230 24368
654 24368
654 671
24234 671
24234 24369
643 24369
643 655
24251 655
24251 24371
639 24371
639 654
24254 654
24254 24377
635 24377
635 653
24259 653
24259 24383
633 24383
633 644
24269 644
24269 24385
632 24385
632 638
24277 638
24277 24388
631 24388
631 634
24290 634
24290 24391
627 24391
627 632
24301 632
24301 24401
626 24401
626 629
24302 629
24302 24402
622 24402
622 628
24313 628
24313 24404
617 24404
617 618
24317 618
24317 24412
612 24412
612 616
24319 616
24319 24418
609 24418
609 611
24322 611
24322 24421
608 24421
608 608
24326 608
24326 24424
606 24424
606 607
24334 607
24334 24426
579 24426
579 594
24341 594
24341 24430
576 24430
576 584
24342 584
24342 24434
570 24434
570 580
24346 580
24346 24437
565 24437
565 579
24349 579
24349 24441
553 24441
553 572
24356 572
24356 24444
542 24444
542 567
24373 567
24373 24448
532 24448
532 563
24374 563
24374 24454
515 24454
515 561
24381 561
24381 24460
511 24460
511 554
24382 554
24382 24464
506 24464
506 543
24391 543
24391 24467
497 24467
497 540
24395 540
24395 24471
496 24471
496 539
24396 539
24396 24472
484 24472
484 529
24404 529
24404 24478
476 24478
476 517
24410 517
24410 24494
471 24494
471 505
24412 505
24412 24499
467 24499
467 499
24416 499
24416 24502
465 24502
465 496
24417 496
24417 24503
463 24503
463 493
24426 493
24426 24505
458 24505
458 492
24434 492
24434 24509
452 24509
452 489
24435 489
24435 24512
441 24512
441 488
24437 488
24437 24514
436 24514
436 481
24438 481
24438 24517
433 24517
433 477
24441 477
24441 24522
425 24522
425 476
24444 476
24444 24541
419 24541
419 471
24451 471
24451 24544
403 24544
403 468
24452 468
24452 24563
393 24563
393 465
24458 465
24458 24564
391 24564
391 460
24467 460
24467 24565
386 24565
386 455
24470 455
24470 24569
379 24569
379 453
24473 453
24473 24572
376 24572
376 450
24481 450
24481 24573
374 24573
374 444
24484 444
24484 24575
363 24575
363 439
24485 439
24485 24588
360 24588
360 438
24489 438
24489 24589
356 24589
356 437
24494 437
24494 24590
353 24590
353 434
24514 434
24514 24592
347 24592
347 427
24516 427
24516 24603
344 24603
344 426
24517 426
24517 24607
341 24607
341 421
24520 421
24520 24609
322 24609
322 419
24525 419
24525 24612
318 24612
318 412
24528 412
24528 24616
315 24616
315 411
24535 411
24535 24623
314 24623
314 409
24539 409
24539 24624
313 24624
313 408
24541 408
24541 24650
312 24650
312 407
24551 407
24551 24651
302 24651
302 391
24558 391
24558 24654
299 24654
299 384
24563 384
24563 24657
294 24657
294 368
24573 368
24573 24660
285 24660
285 354
24585 354
24585 24662
272 24662
272 350
24587 350
24587 24666
264 24666
264 347
24588 347
24588 24670
263 24670
263 340
24591 340
24591 24673
261 24673
261 334
24603 334
24603 24682
258 24682
258 333
24604 333
24604 24683
252 24683
252 325
24630 325
24630 24684
250 24684
250 321
24632 321
24632 24686
246 24686
246 313
24639 313
24639 24691
237 24691
237 299
24644 299
24644 24699
234 24699
234 298
24649 298
24649 24706
231 24706
231 282
24652 282
24652 24713
226 24713
226 281
24658 281
24658 24722
221 24722
221 273
24660 273
24660 24729
219 24729
219 271
24663 271
24663 24736
211 24736
211 269
24665 269
24665 24737
210 24737
210 267
24670 267
24670 24747
208 24747
208 266
24675 266
24675 24754
207 24754
207 261
24682 261
24682 24760
200 24760
200 257
24686 257
24686 24761
198 24761
198 255
24700 255
24700 24766
197 24766
197 254
24701 254
24701 24768
189 24768
189 253
24709 253
24709 24770
188 24770
188 246
24721 246
24721 24771
182 24771
182 245
24722 245
24722 24774
180 24774
180 243
24733 243
24733 24780
177 24780
177 236
24741 236
24741 24786
174 24786
174 224
24743 224
24743 24787
165 24787
165 222
24752 222
24752 24788
163 24788
163 198
24756 198
24756 24796
154 24796
154 193
24770 193
24770 24798
150 24798
150 185
24773 185
24773 24800
146 24800
146 183
24779 183
24779 24804
141 24804
141 180
24781 180
24781 24807
138 24807
138 175
24784 175
24784 24808
135 24808
135 156
24785 156
24785 24809
134 24809
134 152
24787 152
24787 24814
131 24814
131 151
24790 151
24790 24818
125 24818
125 150
24792 150
24792 24819
118 24819
118 148
24793 148
24793 24826
116 24826
116 140
24795 140
24795 24832
114 24832
114 134
24807 134
24807 24839
110 24839
110 132
24809 132
24809 24840
108 24840
108 129
24821 129
24821 24841
105 24841
105 127
24823 127
24823 24845
100 24845
100 125
24831 125
24831 24857
99 24857
99 123
24832 123
24832 24863
92 24863
92 118
24833 118
24833 24867
86 24867
86 115
24840 115
24840 24873
84 24873
84 109
24855 109
24855 24874
80 24874
80 105
24860 105
24860 24878
79 24878
79 104
24864 104
24864 24883
77 24883
77 102
24870 102
24870 24886
75 24886
75 97
24871 97
24871 24896
73 24896
73 88
24884 88
24884 24899
72 24899
72 71
24895 71
24895 24903
69 24903
69 70
24906 70
24906 24917
59 24917
59 56
24910 56
24910 24919
56 24919
56 54
24915 54
24915 24921
55 24921
55 52
24917 52
24917 24925
53 24925
53 48
24925 48
24925 24929
44 24929
44 36
24928 36
24928 24936
41 24936
41 35
24932 35
24932 24940
39 24940
39 32
24945 32
24945 24943
36 24943
36 31
24962 31
24962 24957
33 24957
33 28
24963 28
24963 24962
28 24962
28 27
24965 27
24965 24970
27 24970
27 25
24970 25
24970 24972
25 24972
25 23
24971 23
24971 24973
17 24973
17 22
24980 22
24980 24987
14 24987
14 14
24991 14
24991 24989
7 24989
7 3
24994 3
24994 21514
